
**********************
 WELCOME TO CHESS A.I.
======================
=    BLACK upside    =
=    WHITE dnside    =
=--------------------=
=    PLAYER WHITE    =
=      A.I. BLACK    =
======================


==========  BOARD  STATUS  ==========     ~
    0   1   2   3   4   5   6   7         ~
  +-------------------------------+       ~
0 |<R> <N> <B> <Q> <K> <B> <N> <R>| 0     ~  Status
  |   +   +   +   +   +   +   +   |       ~
1 |<P> <P> <P> <P> <P> <P> <P> <P>| 1     ~     Enpassant pawn: -1
  |   +   +   +   +   +   +   +   |       ~
2 |                               | 2     ~
  |   +   +   +   +   +   +   +   |       ~
3 |                               | 3     ~
  |   +   +   +   +   +   +   +   |       ~
4 |                               | 4     ~
  |   +   +   +   +   +   +   +   |       ~
5 |                               | 5     ~
  |   +   +   +   +   +   +   +   |       ~
6 |[P] [P] [P] [P] [P] [P] [P] [P]| 6     ~
  |   +   +   +   +   +   +   +   |       ~
7 |[R] [N] [B] [Q] [K] [B] [N] [R]| 7     ~
  +-------------------------------+       ~
    0   1   2   3   4   5   6   7         ~
~~~~~~~~~~~~~~~~~~~~~~~~~~~~~~~~~~~~~~~~~~~



    A.I is thinking ... 

~~~~~~~~~~~~~~~~~~~~~~~~~~~~~~~~~~~~~~~~~~~
<A.I.>  move:                             ~
-------------                             ~
  From [r1 , c4], To [r2 , c4]            ~
==========  BOARD  STATUS  ==========     ~
    0   1   2   3   4   5   6   7         ~
  +-------------------------------+       ~
0 |<R> <N> <B> <Q> <K> <B> <N> <R>| 0     ~  Status
  |   +   +   +   +   +   +   +   |       ~
1 |<P> <P> <P> <P>     <P> <P> <P>| 1     ~     Enpassant pawn: -1
  |   +   +   +   +   +   +   +   |       ~
2 |                <P>            | 2     ~
  |   +   +   +   +   +   +   +   |       ~
3 |                               | 3     ~
  |   +   +   +   +   +   +   +   |       ~
4 |                               | 4     ~
  |   +   +   +   +   +   +   +   |       ~
5 |                               | 5     ~
  |   +   +   +   +   +   +   +   |       ~
6 |[P] [P] [P] [P] [P] [P] [P] [P]| 6     ~
  |   +   +   +   +   +   +   +   |       ~
7 |[R] [N] [B] [Q] [K] [B] [N] [R]| 7     ~
  +-------------------------------+       ~
    0   1   2   3   4   5   6   7         ~
~~~~~~~~~~~~~~~~~~~~~~~~~~~~~~~~~~~~~~~~~~~



check check
 ____________
/ User Input \
|____________|________________________________ 
| from_row   from_column   to_row   to_column \
6 5 4 5
\_____________________________________________/
~~~~~~~~~~~~~~~~~~~~~~~~~~~~~~~~~~~~~~~~~~~
<PLAYER>move:                             ~
-------------                             ~
  From [r6 , c5], To [r4 , c5]            ~
==========  BOARD  STATUS  ==========     ~
    0   1   2   3   4   5   6   7         ~
  +-------------------------------+       ~
0 |<R> <N> <B> <Q> <K> <B> <N> <R>| 0     ~  Status
  |   +   +   +   +   +   +   +   |       ~
1 |<P> <P> <P> <P>     <P> <P> <P>| 1     ~     Enpassant pawn: 5
  |   +   +   +   +   +   +   +   |       ~
2 |                <P>            | 2     ~
  |   +   +   +   +   +   +   +   |       ~
3 |                               | 3     ~
  |   +   +   +   +   +   +   +   |       ~
4 |                    [P]        | 4     ~
  |   +   +   +   +   +   +   +   |       ~
5 |                               | 5     ~
  |   +   +   +   +   +   +   +   |       ~
6 |[P] [P] [P] [P] [P]     [P] [P]| 6     ~
  |   +   +   +   +   +   +   +   |       ~
7 |[R] [N] [B] [Q] [K] [B] [N] [R]| 7     ~
  +-------------------------------+       ~
    0   1   2   3   4   5   6   7         ~
~~~~~~~~~~~~~~~~~~~~~~~~~~~~~~~~~~~~~~~~~~~



check check

    A.I is thinking ... 

~~~~~~~~~~~~~~~~~~~~~~~~~~~~~~~~~~~~~~~~~~~
<A.I.>  move:                             ~
-------------                             ~
  From [r0 , c1], To [r2 , c2]            ~
==========  BOARD  STATUS  ==========     ~
    0   1   2   3   4   5   6   7         ~
  +-------------------------------+       ~
0 |<R>     <B> <Q> <K> <B> <N> <R>| 0     ~  Status
  |   +   +   +   +   +   +   +   |       ~
1 |<P> <P> <P> <P>     <P> <P> <P>| 1     ~     Enpassant pawn: -1
  |   +   +   +   +   +   +   +   |       ~
2 |        <N>     <P>            | 2     ~
  |   +   +   +   +   +   +   +   |       ~
3 |                               | 3     ~
  |   +   +   +   +   +   +   +   |       ~
4 |                    [P]        | 4     ~
  |   +   +   +   +   +   +   +   |       ~
5 |                               | 5     ~
  |   +   +   +   +   +   +   +   |       ~
6 |[P] [P] [P] [P] [P]     [P] [P]| 6     ~
  |   +   +   +   +   +   +   +   |       ~
7 |[R] [N] [B] [Q] [K] [B] [N] [R]| 7     ~
  +-------------------------------+       ~
    0   1   2   3   4   5   6   7         ~
~~~~~~~~~~~~~~~~~~~~~~~~~~~~~~~~~~~~~~~~~~~



check check
 ____________
/ User Input \
|____________|________________________________ 
| from_row   from_column   to_row   to_column \
6 3 5 3
\_____________________________________________/
~~~~~~~~~~~~~~~~~~~~~~~~~~~~~~~~~~~~~~~~~~~
<PLAYER>move:                             ~
-------------                             ~
  From [r6 , c3], To [r5 , c3]            ~
==========  BOARD  STATUS  ==========     ~
    0   1   2   3   4   5   6   7         ~
  +-------------------------------+       ~
0 |<R>     <B> <Q> <K> <B> <N> <R>| 0     ~  Status
  |   +   +   +   +   +   +   +   |       ~
1 |<P> <P> <P> <P>     <P> <P> <P>| 1     ~     Enpassant pawn: -1
  |   +   +   +   +   +   +   +   |       ~
2 |        <N>     <P>            | 2     ~
  |   +   +   +   +   +   +   +   |       ~
3 |                               | 3     ~
  |   +   +   +   +   +   +   +   |       ~
4 |                    [P]        | 4     ~
  |   +   +   +   +   +   +   +   |       ~
5 |            [P]                | 5     ~
  |   +   +   +   +   +   +   +   |       ~
6 |[P] [P] [P]     [P]     [P] [P]| 6     ~
  |   +   +   +   +   +   +   +   |       ~
7 |[R] [N] [B] [Q] [K] [B] [N] [R]| 7     ~
  +-------------------------------+       ~
    0   1   2   3   4   5   6   7         ~
~~~~~~~~~~~~~~~~~~~~~~~~~~~~~~~~~~~~~~~~~~~



check check

    A.I is thinking ... 

~~~~~~~~~~~~~~~~~~~~~~~~~~~~~~~~~~~~~~~~~~~
<A.I.>  move:                             ~
-------------                             ~
  From [r0 , c3], To [r2 , c5]            ~
==========  BOARD  STATUS  ==========     ~
    0   1   2   3   4   5   6   7         ~
  +-------------------------------+       ~
0 |<R>     <B>     <K> <B> <N> <R>| 0     ~  Status
  |   +   +   +   +   +   +   +   |       ~
1 |<P> <P> <P> <P>     <P> <P> <P>| 1     ~     Enpassant pawn: -1
  |   +   +   +   +   +   +   +   |       ~
2 |        <N>     <P> <Q>        | 2     ~
  |   +   +   +   +   +   +   +   |       ~
3 |                               | 3     ~
  |   +   +   +   +   +   +   +   |       ~
4 |                    [P]        | 4     ~
  |   +   +   +   +   +   +   +   |       ~
5 |            [P]                | 5     ~
  |   +   +   +   +   +   +   +   |       ~
6 |[P] [P] [P]     [P]     [P] [P]| 6     ~
  |   +   +   +   +   +   +   +   |       ~
7 |[R] [N] [B] [Q] [K] [B] [N] [R]| 7     ~
  +-------------------------------+       ~
    0   1   2   3   4   5   6   7         ~
~~~~~~~~~~~~~~~~~~~~~~~~~~~~~~~~~~~~~~~~~~~



check check
 ____________
/ User Input \
|____________|________________________________ 
| from_row   from_column   to_row   to_column \
7 3 6 3
\_____________________________________________/
~~~~~~~~~~~~~~~~~~~~~~~~~~~~~~~~~~~~~~~~~~~
<PLAYER>move:                             ~
-------------                             ~
  From [r7 , c3], To [r6 , c3]            ~
==========  BOARD  STATUS  ==========     ~
    0   1   2   3   4   5   6   7         ~
  +-------------------------------+       ~
0 |<R>     <B>     <K> <B> <N> <R>| 0     ~  Status
  |   +   +   +   +   +   +   +   |       ~
1 |<P> <P> <P> <P>     <P> <P> <P>| 1     ~     Enpassant pawn: -1
  |   +   +   +   +   +   +   +   |       ~
2 |        <N>     <P> <Q>        | 2     ~
  |   +   +   +   +   +   +   +   |       ~
3 |                               | 3     ~
  |   +   +   +   +   +   +   +   |       ~
4 |                    [P]        | 4     ~
  |   +   +   +   +   +   +   +   |       ~
5 |            [P]                | 5     ~
  |   +   +   +   +   +   +   +   |       ~
6 |[P] [P] [P] [Q] [P]     [P] [P]| 6     ~
  |   +   +   +   +   +   +   +   |       ~
7 |[R] [N] [B]     [K] [B] [N] [R]| 7     ~
  +-------------------------------+       ~
    0   1   2   3   4   5   6   7         ~
~~~~~~~~~~~~~~~~~~~~~~~~~~~~~~~~~~~~~~~~~~~



check check

    A.I is thinking ... 

~~~~~~~~~~~~~~~~~~~~~~~~~~~~~~~~~~~~~~~~~~~
<A.I.>  move:                             ~
-------------                             ~
  From [r0 , c5], To [r4 , c1]            ~
==========  BOARD  STATUS  ==========     ~
    0   1   2   3   4   5   6   7         ~
  +-------------------------------+       ~
0 |<R>     <B>     <K>     <N> <R>| 0     ~  Status
  |   +   +   +   +   +   +   +   |       ~
1 |<P> <P> <P> <P>     <P> <P> <P>| 1     ~     Enpassant pawn: -1
  |   +   +   +   +   +   +   +   |       ~
2 |        <N>     <P> <Q>        | 2     ~
  |   +   +   +   +   +   +   +   |       ~
3 |                               | 3     ~
  |   +   +   +   +   +   +   +   |       ~
4 |    <B>             [P]        | 4     ~
  |   +   +   +   +   +   +   +   |       ~
5 |            [P]                | 5     ~
  |   +   +   +   +   +   +   +   |       ~
6 |[P] [P] [P] [Q] [P]     [P] [P]| 6     ~
  |   +   +   +   +   +   +   +   |       ~
7 |[R] [N] [B]     [K] [B] [N] [R]| 7     ~
  +-------------------------------+       ~
    0   1   2   3   4   5   6   7         ~
~~~~~~~~~~~~~~~~~~~~~~~~~~~~~~~~~~~~~~~~~~~



check check
 ____________
/ User Input \
|____________|________________________________ 
| from_row   from_column   to_row   to_column \

